mode: set
github.com/tuxerrante/kapparmor/go/src/app/config.go:27.55,29.25 2 0
github.com/tuxerrante/kapparmor/go/src/app/config.go:29.25,31.3 1 0
github.com/tuxerrante/kapparmor/go/src/app/config.go:32.2,33.23 2 0
github.com/tuxerrante/kapparmor/go/src/app/config.go:33.23,35.3 1 0
github.com/tuxerrante/kapparmor/go/src/app/config.go:36.2,47.3 3 0
github.com/tuxerrante/kapparmor/go/src/app/filesystemOperations.go:21.32,27.12 4 1
github.com/tuxerrante/kapparmor/go/src/app/filesystemOperations.go:27.12,29.3 1 1
github.com/tuxerrante/kapparmor/go/src/app/filesystemOperations.go:31.2,32.41 2 1
github.com/tuxerrante/kapparmor/go/src/app/filesystemOperations.go:32.41,33.39 1 1
github.com/tuxerrante/kapparmor/go/src/app/filesystemOperations.go:33.39,35.4 1 1
github.com/tuxerrante/kapparmor/go/src/app/filesystemOperations.go:37.2,37.14 1 1
github.com/tuxerrante/kapparmor/go/src/app/filesystemOperations.go:40.51,43.16 2 1
github.com/tuxerrante/kapparmor/go/src/app/filesystemOperations.go:43.16,45.3 1 1
github.com/tuxerrante/kapparmor/go/src/app/filesystemOperations.go:46.2,46.18 1 1
github.com/tuxerrante/kapparmor/go/src/app/filesystemOperations.go:46.18,49.3 2 1
github.com/tuxerrante/kapparmor/go/src/app/filesystemOperations.go:50.2,50.38 1 1
github.com/tuxerrante/kapparmor/go/src/app/filesystemOperations.go:50.38,52.3 1 1
github.com/tuxerrante/kapparmor/go/src/app/filesystemOperations.go:55.2,55.65 1 1
github.com/tuxerrante/kapparmor/go/src/app/filesystemOperations.go:55.65,58.32 3 0
github.com/tuxerrante/kapparmor/go/src/app/filesystemOperations.go:58.32,59.36 1 0
github.com/tuxerrante/kapparmor/go/src/app/filesystemOperations.go:59.36,61.10 2 0
github.com/tuxerrante/kapparmor/go/src/app/filesystemOperations.go:64.3,64.18 1 0
github.com/tuxerrante/kapparmor/go/src/app/filesystemOperations.go:64.18,66.4 1 0
github.com/tuxerrante/kapparmor/go/src/app/filesystemOperations.go:67.3,68.98 2 0
github.com/tuxerrante/kapparmor/go/src/app/filesystemOperations.go:72.2,72.73 1 1
github.com/tuxerrante/kapparmor/go/src/app/filesystemOperations.go:72.73,74.17 2 0
github.com/tuxerrante/kapparmor/go/src/app/filesystemOperations.go:74.17,76.4 1 0
github.com/tuxerrante/kapparmor/go/src/app/filesystemOperations.go:77.3,77.82 1 0
github.com/tuxerrante/kapparmor/go/src/app/filesystemOperations.go:80.2,80.22 1 1
github.com/tuxerrante/kapparmor/go/src/app/filesystemOperations.go:85.79,89.17 2 1
github.com/tuxerrante/kapparmor/go/src/app/filesystemOperations.go:89.17,91.55 1 0
github.com/tuxerrante/kapparmor/go/src/app/filesystemOperations.go:91.55,93.4 1 0
github.com/tuxerrante/kapparmor/go/src/app/filesystemOperations.go:94.3,95.17 2 0
github.com/tuxerrante/kapparmor/go/src/app/filesystemOperations.go:95.17,98.4 2 0
github.com/tuxerrante/kapparmor/go/src/app/filesystemOperations.go:99.3,100.17 2 0
github.com/tuxerrante/kapparmor/go/src/app/filesystemOperations.go:100.17,103.4 2 0
github.com/tuxerrante/kapparmor/go/src/app/filesystemOperations.go:104.3,104.43 1 0
github.com/tuxerrante/kapparmor/go/src/app/filesystemOperations.go:104.43,106.4 1 0
github.com/tuxerrante/kapparmor/go/src/app/filesystemOperations.go:107.3,107.19 1 0
github.com/tuxerrante/kapparmor/go/src/app/filesystemOperations.go:111.2,112.16 2 1
github.com/tuxerrante/kapparmor/go/src/app/filesystemOperations.go:112.16,115.3 2 0
github.com/tuxerrante/kapparmor/go/src/app/filesystemOperations.go:117.2,119.27 2 1
github.com/tuxerrante/kapparmor/go/src/app/filesystemOperations.go:119.27,120.31 1 1
github.com/tuxerrante/kapparmor/go/src/app/filesystemOperations.go:120.31,122.4 1 1
github.com/tuxerrante/kapparmor/go/src/app/filesystemOperations.go:122.9,122.38 1 1
github.com/tuxerrante/kapparmor/go/src/app/filesystemOperations.go:122.38,124.4 1 1
github.com/tuxerrante/kapparmor/go/src/app/filesystemOperations.go:127.2,127.34 1 1
github.com/tuxerrante/kapparmor/go/src/app/filesystemOperations.go:127.34,129.3 1 0
github.com/tuxerrante/kapparmor/go/src/app/filesystemOperations.go:131.2,131.34 1 1
github.com/tuxerrante/kapparmor/go/src/app/filesystemOperations.go:131.34,133.3 1 1
github.com/tuxerrante/kapparmor/go/src/app/filesystemOperations.go:135.2,136.16 2 1
github.com/tuxerrante/kapparmor/go/src/app/filesystemOperations.go:136.16,138.3 1 0
github.com/tuxerrante/kapparmor/go/src/app/filesystemOperations.go:139.2,139.15 1 1
github.com/tuxerrante/kapparmor/go/src/app/filesystemOperations.go:139.15,141.17 2 1
github.com/tuxerrante/kapparmor/go/src/app/filesystemOperations.go:141.17,143.4 1 0
github.com/tuxerrante/kapparmor/go/src/app/filesystemOperations.go:146.2,148.16 2 1
github.com/tuxerrante/kapparmor/go/src/app/filesystemOperations.go:148.16,150.3 1 0
github.com/tuxerrante/kapparmor/go/src/app/filesystemOperations.go:151.2,151.15 1 1
github.com/tuxerrante/kapparmor/go/src/app/filesystemOperations.go:151.15,153.17 2 1
github.com/tuxerrante/kapparmor/go/src/app/filesystemOperations.go:153.17,155.4 1 0
github.com/tuxerrante/kapparmor/go/src/app/filesystemOperations.go:158.2,158.29 1 1
github.com/tuxerrante/kapparmor/go/src/app/filesystemOperations.go:161.49,163.16 2 1
github.com/tuxerrante/kapparmor/go/src/app/filesystemOperations.go:163.16,165.3 1 0
github.com/tuxerrante/kapparmor/go/src/app/filesystemOperations.go:167.2,168.16 2 1
github.com/tuxerrante/kapparmor/go/src/app/filesystemOperations.go:168.16,170.3 1 0
github.com/tuxerrante/kapparmor/go/src/app/filesystemOperations.go:172.2,172.32 1 1
github.com/tuxerrante/kapparmor/go/src/app/filesystemOperations.go:172.32,174.3 1 1
github.com/tuxerrante/kapparmor/go/src/app/filesystemOperations.go:176.2,176.18 1 1
github.com/tuxerrante/kapparmor/go/src/app/filesystemOperations.go:178.69,181.16 3 0
github.com/tuxerrante/kapparmor/go/src/app/filesystemOperations.go:181.16,184.3 2 0
github.com/tuxerrante/kapparmor/go/src/app/filesystemOperations.go:186.2,186.21 1 0
github.com/tuxerrante/kapparmor/go/src/app/filesystemOperations.go:186.21,189.3 2 0
github.com/tuxerrante/kapparmor/go/src/app/filesystemOperations.go:191.2,192.29 2 0
github.com/tuxerrante/kapparmor/go/src/app/filesystemOperations.go:192.29,194.19 2 0
github.com/tuxerrante/kapparmor/go/src/app/filesystemOperations.go:194.19,196.12 2 0
github.com/tuxerrante/kapparmor/go/src/app/filesystemOperations.go:197.9,197.46 1 0
github.com/tuxerrante/kapparmor/go/src/app/filesystemOperations.go:197.46,199.12 2 0
github.com/tuxerrante/kapparmor/go/src/app/filesystemOperations.go:202.3,202.68 1 0
github.com/tuxerrante/kapparmor/go/src/app/filesystemOperations.go:202.68,205.4 2 0
github.com/tuxerrante/kapparmor/go/src/app/filesystemOperations.go:207.3,208.29 2 0
github.com/tuxerrante/kapparmor/go/src/app/filesystemOperations.go:211.2,211.24 1 0
github.com/tuxerrante/kapparmor/go/src/app/filesystemOperations.go:215.61,220.44 3 1
github.com/tuxerrante/kapparmor/go/src/app/filesystemOperations.go:220.44,222.3 1 1
github.com/tuxerrante/kapparmor/go/src/app/filesystemOperations.go:223.2,223.47 1 1
github.com/tuxerrante/kapparmor/go/src/app/filesystemOperations.go:223.47,225.3 1 1
github.com/tuxerrante/kapparmor/go/src/app/filesystemOperations.go:228.2,229.30 2 1
github.com/tuxerrante/kapparmor/go/src/app/filesystemOperations.go:229.30,231.3 1 0
github.com/tuxerrante/kapparmor/go/src/app/filesystemOperations.go:232.2,232.68 1 1
github.com/tuxerrante/kapparmor/go/src/app/filesystemOperations.go:232.68,234.3 1 1
github.com/tuxerrante/kapparmor/go/src/app/filesystemOperations.go:237.2,238.16 2 1
github.com/tuxerrante/kapparmor/go/src/app/filesystemOperations.go:238.16,240.3 1 0
github.com/tuxerrante/kapparmor/go/src/app/filesystemOperations.go:241.2,250.63 6 1
github.com/tuxerrante/kapparmor/go/src/app/filesystemOperations.go:250.63,252.3 1 0
github.com/tuxerrante/kapparmor/go/src/app/filesystemOperations.go:255.2,255.21 1 1
github.com/tuxerrante/kapparmor/go/src/app/filesystemOperations.go:255.21,263.76 3 1
github.com/tuxerrante/kapparmor/go/src/app/filesystemOperations.go:263.76,264.12 1 1
github.com/tuxerrante/kapparmor/go/src/app/filesystemOperations.go:267.3,269.16 3 1
github.com/tuxerrante/kapparmor/go/src/app/filesystemOperations.go:269.16,271.18 2 1
github.com/tuxerrante/kapparmor/go/src/app/filesystemOperations.go:271.18,273.5 1 0
github.com/tuxerrante/kapparmor/go/src/app/filesystemOperations.go:275.3,276.8 2 1
github.com/tuxerrante/kapparmor/go/src/app/filesystemOperations.go:279.2,279.27 1 1
github.com/tuxerrante/kapparmor/go/src/app/filesystemOperations.go:279.27,281.3 1 0
github.com/tuxerrante/kapparmor/go/src/app/filesystemOperations.go:283.2,283.33 1 1
github.com/tuxerrante/kapparmor/go/src/app/filesystemOperations.go:283.33,285.3 1 1
github.com/tuxerrante/kapparmor/go/src/app/filesystemOperations.go:287.2,287.12 1 1
github.com/tuxerrante/kapparmor/go/src/app/filesystemOperations.go:290.45,291.20 1 1
github.com/tuxerrante/kapparmor/go/src/app/filesystemOperations.go:291.20,293.3 1 1
github.com/tuxerrante/kapparmor/go/src/app/filesystemOperations.go:295.2,298.39 3 1
github.com/tuxerrante/kapparmor/go/src/app/filesystemOperations.go:298.39,300.49 1 1
github.com/tuxerrante/kapparmor/go/src/app/filesystemOperations.go:300.49,302.4 1 1
github.com/tuxerrante/kapparmor/go/src/app/filesystemOperations.go:303.3,303.49 1 1
github.com/tuxerrante/kapparmor/go/src/app/filesystemOperations.go:303.49,305.4 1 1
github.com/tuxerrante/kapparmor/go/src/app/filesystemOperations.go:307.2,307.18 1 1
github.com/tuxerrante/kapparmor/go/src/app/filesystemOperations.go:320.53,321.24 1 1
github.com/tuxerrante/kapparmor/go/src/app/filesystemOperations.go:321.24,323.3 1 1
github.com/tuxerrante/kapparmor/go/src/app/filesystemOperations.go:325.2,325.46 1 1
github.com/tuxerrante/kapparmor/go/src/app/filesystemOperations.go:325.46,327.3 1 1
github.com/tuxerrante/kapparmor/go/src/app/filesystemOperations.go:329.2,329.26 1 1
github.com/tuxerrante/kapparmor/go/src/app/filesystemOperations.go:329.26,331.3 1 1
github.com/tuxerrante/kapparmor/go/src/app/filesystemOperations.go:333.2,333.73 1 1
github.com/tuxerrante/kapparmor/go/src/app/filesystemOperations.go:333.73,335.3 1 1
github.com/tuxerrante/kapparmor/go/src/app/filesystemOperations.go:337.2,337.41 1 1
github.com/tuxerrante/kapparmor/go/src/app/filesystemOperations.go:337.41,339.3 1 1
github.com/tuxerrante/kapparmor/go/src/app/filesystemOperations.go:342.2,345.32 3 1
github.com/tuxerrante/kapparmor/go/src/app/filesystemOperations.go:345.32,346.74 1 1
github.com/tuxerrante/kapparmor/go/src/app/filesystemOperations.go:346.74,348.4 1 1
github.com/tuxerrante/kapparmor/go/src/app/filesystemOperations.go:349.3,349.66 1 1
github.com/tuxerrante/kapparmor/go/src/app/filesystemOperations.go:349.66,351.4 1 0
github.com/tuxerrante/kapparmor/go/src/app/filesystemOperations.go:351.9,351.47 1 1
github.com/tuxerrante/kapparmor/go/src/app/filesystemOperations.go:351.47,353.4 1 1
github.com/tuxerrante/kapparmor/go/src/app/filesystemOperations.go:353.9,355.4 1 1
github.com/tuxerrante/kapparmor/go/src/app/filesystemOperations.go:357.2,357.18 1 1
github.com/tuxerrante/kapparmor/go/src/app/filesystemOperations.go:360.50,361.26 1 1
github.com/tuxerrante/kapparmor/go/src/app/filesystemOperations.go:361.26,362.16 1 1
github.com/tuxerrante/kapparmor/go/src/app/filesystemOperations.go:362.16,364.4 1 1
github.com/tuxerrante/kapparmor/go/src/app/filesystemOperations.go:366.2,366.14 1 1
github.com/tuxerrante/kapparmor/go/src/app/filesystemOperations.go:373.38,379.16 4 1
github.com/tuxerrante/kapparmor/go/src/app/filesystemOperations.go:379.16,382.3 2 0
github.com/tuxerrante/kapparmor/go/src/app/filesystemOperations.go:384.2,384.29 1 1
github.com/tuxerrante/kapparmor/go/src/app/filesystemOperations.go:384.29,387.3 1 0
github.com/tuxerrante/kapparmor/go/src/app/filesystemOperations.go:389.2,390.16 2 1
github.com/tuxerrante/kapparmor/go/src/app/filesystemOperations.go:390.16,392.3 1 1
github.com/tuxerrante/kapparmor/go/src/app/filesystemOperations.go:392.8,393.32 1 0
github.com/tuxerrante/kapparmor/go/src/app/filesystemOperations.go:393.32,395.4 1 0
github.com/tuxerrante/kapparmor/go/src/app/filesystemOperations.go:396.3,396.28 1 0
github.com/tuxerrante/kapparmor/go/src/app/filesystemOperations.go:396.28,399.4 2 0
github.com/tuxerrante/kapparmor/go/src/app/filesystemOperations.go:402.2,402.57 1 1
github.com/tuxerrante/kapparmor/go/src/app/filesystemOperations.go:402.57,405.3 2 1
github.com/tuxerrante/kapparmor/go/src/app/filesystemOperations.go:407.2,408.51 2 0
github.com/tuxerrante/kapparmor/go/src/app/filesystemOperations.go:415.52,416.42 1 0
github.com/tuxerrante/kapparmor/go/src/app/filesystemOperations.go:416.42,419.3 2 0
github.com/tuxerrante/kapparmor/go/src/app/filesystemOperations.go:420.2,421.16 2 0
github.com/tuxerrante/kapparmor/go/src/app/filesystemOperations.go:421.16,424.3 2 0
github.com/tuxerrante/kapparmor/go/src/app/filesystemOperations.go:425.2,425.15 1 0
github.com/tuxerrante/kapparmor/go/src/app/filesystemOperations.go:425.15,426.36 1 0
github.com/tuxerrante/kapparmor/go/src/app/filesystemOperations.go:426.36,428.4 1 0
github.com/tuxerrante/kapparmor/go/src/app/filesystemOperations.go:431.2,432.16 2 0
github.com/tuxerrante/kapparmor/go/src/app/filesystemOperations.go:432.16,435.3 2 0
github.com/tuxerrante/kapparmor/go/src/app/filesystemOperations.go:436.2,436.15 1 0
github.com/tuxerrante/kapparmor/go/src/app/filesystemOperations.go:436.15,438.17 2 0
github.com/tuxerrante/kapparmor/go/src/app/filesystemOperations.go:438.17,440.4 1 0
github.com/tuxerrante/kapparmor/go/src/app/filesystemOperations.go:443.2,443.43 1 0
github.com/tuxerrante/kapparmor/go/src/app/filesystemOperations.go:443.43,446.3 2 0
github.com/tuxerrante/kapparmor/go/src/app/filesystemOperations.go:448.2,449.8 2 0
github.com/tuxerrante/kapparmor/go/src/app/logger.go:9.38,11.2 1 0
github.com/tuxerrante/kapparmor/go/src/app/main.go:19.13,23.2 3 0
github.com/tuxerrante/kapparmor/go/src/app/main.go:27.62,30.16 3 1
github.com/tuxerrante/kapparmor/go/src/app/main.go:30.16,38.3 2 0
github.com/tuxerrante/kapparmor/go/src/app/main.go:39.2,51.12 6 1
github.com/tuxerrante/kapparmor/go/src/app/main.go:51.12,53.37 1 1
github.com/tuxerrante/kapparmor/go/src/app/main.go:53.37,54.17 1 1
github.com/tuxerrante/kapparmor/go/src/app/main.go:54.17,55.33 1 1
github.com/tuxerrante/kapparmor/go/src/app/main.go:55.33,57.6 1 0
github.com/tuxerrante/kapparmor/go/src/app/main.go:60.3,68.57 7 1
github.com/tuxerrante/kapparmor/go/src/app/main.go:70.2,71.12 2 1
github.com/tuxerrante/kapparmor/go/src/app/main.go:77.99,79.36 2 1
github.com/tuxerrante/kapparmor/go/src/app/main.go:79.36,80.16 1 1
github.com/tuxerrante/kapparmor/go/src/app/main.go:80.16,81.32 1 1
github.com/tuxerrante/kapparmor/go/src/app/main.go:81.32,82.31 1 0
github.com/tuxerrante/kapparmor/go/src/app/main.go:82.31,84.65 2 0
github.com/tuxerrante/kapparmor/go/src/app/main.go:84.65,87.7 2 0
github.com/tuxerrante/kapparmor/go/src/app/main.go:87.12,87.73 1 0
github.com/tuxerrante/kapparmor/go/src/app/main.go:87.73,90.7 2 0
github.com/tuxerrante/kapparmor/go/src/app/main.go:95.2,96.20 2 1
github.com/tuxerrante/kapparmor/go/src/app/main.go:96.20,100.3 3 0
github.com/tuxerrante/kapparmor/go/src/app/main.go:101.2,101.6 1 1
github.com/tuxerrante/kapparmor/go/src/app/main.go:101.6,102.10 1 1
github.com/tuxerrante/kapparmor/go/src/app/main.go:103.21,105.10 2 1
github.com/tuxerrante/kapparmor/go/src/app/main.go:106.19,107.13 1 0
github.com/tuxerrante/kapparmor/go/src/app/main.go:113.56,116.26 2 0
github.com/tuxerrante/kapparmor/go/src/app/main.go:116.26,118.3 1 0
github.com/tuxerrante/kapparmor/go/src/app/main.go:120.2,121.16 2 0
github.com/tuxerrante/kapparmor/go/src/app/main.go:121.16,123.3 1 0
github.com/tuxerrante/kapparmor/go/src/app/main.go:125.2,130.48 5 0
github.com/tuxerrante/kapparmor/go/src/app/main.go:130.48,132.3 1 0
github.com/tuxerrante/kapparmor/go/src/app/main.go:133.2,134.39 2 0
github.com/tuxerrante/kapparmor/go/src/app/main.go:134.39,135.14 1 0
github.com/tuxerrante/kapparmor/go/src/app/main.go:135.14,137.4 1 0
github.com/tuxerrante/kapparmor/go/src/app/main.go:141.2,142.42 2 0
github.com/tuxerrante/kapparmor/go/src/app/main.go:142.42,145.43 2 0
github.com/tuxerrante/kapparmor/go/src/app/main.go:145.43,149.18 3 0
github.com/tuxerrante/kapparmor/go/src/app/main.go:149.18,152.5 1 0
github.com/tuxerrante/kapparmor/go/src/app/main.go:153.4,153.24 1 0
github.com/tuxerrante/kapparmor/go/src/app/main.go:153.24,155.13 2 0
github.com/tuxerrante/kapparmor/go/src/app/main.go:158.3,158.61 1 0
github.com/tuxerrante/kapparmor/go/src/app/main.go:161.2,162.56 2 0
github.com/tuxerrante/kapparmor/go/src/app/main.go:162.56,163.40 1 0
github.com/tuxerrante/kapparmor/go/src/app/main.go:163.40,165.4 1 0
github.com/tuxerrante/kapparmor/go/src/app/main.go:168.2,170.49 3 0
github.com/tuxerrante/kapparmor/go/src/app/main.go:170.49,172.17 2 0
github.com/tuxerrante/kapparmor/go/src/app/main.go:172.17,174.4 1 0
github.com/tuxerrante/kapparmor/go/src/app/main.go:177.2,177.37 1 0
github.com/tuxerrante/kapparmor/go/src/app/main.go:177.37,180.58 3 0
github.com/tuxerrante/kapparmor/go/src/app/main.go:180.58,182.18 2 0
github.com/tuxerrante/kapparmor/go/src/app/main.go:182.18,185.5 2 0
github.com/tuxerrante/kapparmor/go/src/app/main.go:188.2,190.32 3 0
github.com/tuxerrante/kapparmor/go/src/app/main.go:194.61,196.2 1 0
github.com/tuxerrante/kapparmor/go/src/app/main.go:199.82,201.2 1 0
github.com/tuxerrante/kapparmor/go/src/app/main.go:208.113,210.16 2 1
github.com/tuxerrante/kapparmor/go/src/app/main.go:210.16,212.3 1 0
github.com/tuxerrante/kapparmor/go/src/app/main.go:213.2,213.15 1 1
github.com/tuxerrante/kapparmor/go/src/app/main.go:213.15,215.17 2 1
github.com/tuxerrante/kapparmor/go/src/app/main.go:215.17,217.4 1 0
github.com/tuxerrante/kapparmor/go/src/app/main.go:220.2,225.21 4 1
github.com/tuxerrante/kapparmor/go/src/app/main.go:225.21,227.24 2 1
github.com/tuxerrante/kapparmor/go/src/app/main.go:227.24,228.12 1 1
github.com/tuxerrante/kapparmor/go/src/app/main.go:230.3,230.56 1 1
github.com/tuxerrante/kapparmor/go/src/app/main.go:230.56,232.4 1 1
github.com/tuxerrante/kapparmor/go/src/app/main.go:233.3,233.31 1 1
github.com/tuxerrante/kapparmor/go/src/app/main.go:235.2,235.38 1 1
github.com/tuxerrante/kapparmor/go/src/app/main.go:238.50,240.19 2 1
github.com/tuxerrante/kapparmor/go/src/app/main.go:240.19,242.3 1 1
github.com/tuxerrante/kapparmor/go/src/app/main.go:243.2,243.51 1 1
github.com/tuxerrante/kapparmor/go/src/app/main.go:246.60,252.2 4 1
github.com/tuxerrante/kapparmor/go/src/app/main.go:255.46,258.35 3 1
github.com/tuxerrante/kapparmor/go/src/app/main.go:258.35,259.49 1 1
github.com/tuxerrante/kapparmor/go/src/app/main.go:259.49,262.4 2 1
github.com/tuxerrante/kapparmor/go/src/app/main.go:264.2,264.12 1 1
github.com/tuxerrante/kapparmor/go/src/app/main.go:268.59,271.16 3 1
github.com/tuxerrante/kapparmor/go/src/app/main.go:271.16,273.3 1 0
github.com/tuxerrante/kapparmor/go/src/app/main.go:274.2,274.28 1 1
github.com/tuxerrante/kapparmor/go/src/app/main.go:277.57,283.18 6 1
github.com/tuxerrante/kapparmor/go/src/app/main.go:283.18,285.3 1 0
github.com/tuxerrante/kapparmor/go/src/app/main.go:285.8,287.3 1 1
github.com/tuxerrante/kapparmor/go/src/app/main.go:288.2,288.16 1 1
github.com/tuxerrante/kapparmor/go/src/app/main.go:288.16,289.23 1 0
github.com/tuxerrante/kapparmor/go/src/app/main.go:289.23,291.4 1 0
github.com/tuxerrante/kapparmor/go/src/app/main.go:292.3,292.70 1 0
github.com/tuxerrante/kapparmor/go/src/app/main.go:294.2,294.12 1 1
github.com/tuxerrante/kapparmor/go/src/app/main.go:297.28,298.16 1 1
github.com/tuxerrante/kapparmor/go/src/app/main.go:298.16,299.13 1 0
github.com/tuxerrante/kapparmor/go/src/app/main.go:304.26,306.2 1 0
github.com/tuxerrante/kapparmor/go/src/app/t_helpers.go:10.34,11.16 1 1
github.com/tuxerrante/kapparmor/go/src/app/t_helpers.go:11.16,13.3 1 0
github.com/tuxerrante/kapparmor/go/src/app/t_helpers.go:16.47,18.17 2 1
github.com/tuxerrante/kapparmor/go/src/app/t_helpers.go:18.17,20.3 1 0
github.com/tuxerrante/kapparmor/go/src/app/t_helpers.go:23.49,25.17 2 1
github.com/tuxerrante/kapparmor/go/src/app/t_helpers.go:25.17,26.48 1 1
github.com/tuxerrante/kapparmor/go/src/app/t_helpers.go:26.48,28.4 1 0
github.com/tuxerrante/kapparmor/go/src/app/t_helpers.go:32.46,33.15 1 1
github.com/tuxerrante/kapparmor/go/src/app/t_helpers.go:33.15,34.23 1 1
github.com/tuxerrante/kapparmor/go/src/app/t_helpers.go:34.23,36.4 1 0
github.com/tuxerrante/kapparmor/go/src/app/t_helpers.go:38.2,38.5 1 1
github.com/tuxerrante/kapparmor/go/src/app/t_helpers.go:42.63,49.16 4 1
github.com/tuxerrante/kapparmor/go/src/app/t_helpers.go:49.16,51.3 1 0
github.com/tuxerrante/kapparmor/go/src/app/t_helpers.go:52.2,52.85 1 1
github.com/tuxerrante/kapparmor/go/src/app/t_helpers.go:52.85,54.3 1 0
github.com/tuxerrante/kapparmor/go/src/app/t_helpers.go:57.2,78.15 10 1
github.com/tuxerrante/kapparmor/go/src/app/t_helpers.go:82.89,86.17 4 1
github.com/tuxerrante/kapparmor/go/src/app/t_helpers.go:86.17,88.3 1 1
github.com/tuxerrante/kapparmor/go/src/app/t_helpers.go:88.8,90.3 1 1
github.com/tuxerrante/kapparmor/go/src/app/t_helpers.go:91.2,91.37 1 1
github.com/tuxerrante/kapparmor/go/src/app/t_helpers.go:91.37,92.20 1 1
github.com/tuxerrante/kapparmor/go/src/app/t_helpers.go:92.20,94.4 1 1
github.com/tuxerrante/kapparmor/go/src/app/t_helpers.go:95.3,95.13 1 1
github.com/tuxerrante/kapparmor/go/src/app/t_helpers.go:98.2,98.64 1 1
github.com/tuxerrante/kapparmor/go/src/app/t_helpers.go:98.64,100.3 1 0
github.com/tuxerrante/kapparmor/go/src/app/t_helpers.go:101.2,101.43 1 1
github.com/tuxerrante/kapparmor/go/src/app/t_helpers.go:101.43,103.3 1 0
github.com/tuxerrante/kapparmor/go/src/app/t_helpers.go:104.2,104.10 1 1
